<?xml version="1.0" encoding="utf-8"?><testsuites><testsuite name="pytest" errors="0" failures="0" skipped="0" tests="1" time="0.361" timestamp="2022-04-05T13:59:48.590740" hostname="ansible-dev"><testcase classname="tests.test_dstats_api.Test_dStats" name="test_height" time="0.013" /></testsuite></testsuites>