<?xml version="1.0" encoding="utf-8"?><testsuites><testsuite name="pytest" errors="0" failures="0" skipped="0" tests="1" time="0.367" timestamp="2022-04-05T14:00:02.172572" hostname="ansible-dev"><testcase classname="tests.test_personal_api.TestPersonal" name="test_name" time="0.012" /></testsuite></testsuites>